Performing C SOURCE FILE Test CMAKE_HAVE_LIBC_PTHREAD failed with the following output:
Change Dir: /home/ty/Desktop/PiXiu/catkin_ws/build/CMakeFiles/CMakeTmp

Run Build Command(s):/usr/bin/make cmTC_d7f93/fast && /usr/bin/make -f CMakeFiles/cmTC_d7f93.dir/build.make CMakeFiles/cmTC_d7f93.dir/build
make[1]: Entering directory '/home/ty/Desktop/PiXiu/catkin_ws/build/CMakeFiles/CMakeTmp'
Building C object CMakeFiles/cmTC_d7f93.dir/src.c.o
/usr/bin/cc   -DCMAKE_HAVE_LIBC_PTHREAD   -o CMakeFiles/cmTC_d7f93.dir/src.c.o   -c /home/ty/Desktop/PiXiu/catkin_ws/build/CMakeFiles/CMakeTmp/src.c
Linking C executable cmTC_d7f93
/usr/local/bin/cmake -E cmake_link_script CMakeFiles/cmTC_d7f93.dir/link.txt --verbose=1
/usr/bin/cc  -DCMAKE_HAVE_LIBC_PTHREAD    -rdynamic CMakeFiles/cmTC_d7f93.dir/src.c.o  -o cmTC_d7f93 
CMakeFiles/cmTC_d7f93.dir/src.c.o: In function `main':
src.c:(.text+0x3e): undefined reference to `pthread_create'
src.c:(.text+0x4a): undefined reference to `pthread_detach'
src.c:(.text+0x5b): undefined reference to `pthread_join'
src.c:(.text+0x6f): undefined reference to `pthread_atfork'
collect2: error: ld returned 1 exit status
CMakeFiles/cmTC_d7f93.dir/build.make:86: recipe for target 'cmTC_d7f93' failed
make[1]: *** [cmTC_d7f93] Error 1
make[1]: Leaving directory '/home/ty/Desktop/PiXiu/catkin_ws/build/CMakeFiles/CMakeTmp'
Makefile:121: recipe for target 'cmTC_d7f93/fast' failed
make: *** [cmTC_d7f93/fast] Error 2


Source file was:
#include <pthread.h>

void* test_func(void* data)
{
  return data;
}

int main(void)
{
  pthread_t thread;
  pthread_create(&thread, NULL, test_func, NULL);
  pthread_detach(thread);
  pthread_join(thread, NULL);
  pthread_atfork(NULL, NULL, NULL);
  pthread_exit(NULL);

  return 0;
}

Determining if the function pthread_create exists in the pthreads failed with the following output:
Change Dir: /home/ty/Desktop/PiXiu/catkin_ws/build/CMakeFiles/CMakeTmp

Run Build Command(s):/usr/bin/make cmTC_3a225/fast && /usr/bin/make -f CMakeFiles/cmTC_3a225.dir/build.make CMakeFiles/cmTC_3a225.dir/build
make[1]: Entering directory '/home/ty/Desktop/PiXiu/catkin_ws/build/CMakeFiles/CMakeTmp'
Building C object CMakeFiles/cmTC_3a225.dir/CheckFunctionExists.c.o
/usr/bin/cc   -DCHECK_FUNCTION_EXISTS=pthread_create   -o CMakeFiles/cmTC_3a225.dir/CheckFunctionExists.c.o   -c /usr/local/share/cmake-3.15/Modules/CheckFunctionExists.c
Linking C executable cmTC_3a225
/usr/local/bin/cmake -E cmake_link_script CMakeFiles/cmTC_3a225.dir/link.txt --verbose=1
/usr/bin/cc  -DCHECK_FUNCTION_EXISTS=pthread_create    -rdynamic CMakeFiles/cmTC_3a225.dir/CheckFunctionExists.c.o  -o cmTC_3a225 -lpthreads 
/usr/bin/ld: cannot find -lpthreads
collect2: error: ld returned 1 exit status
CMakeFiles/cmTC_3a225.dir/build.make:86: recipe for target 'cmTC_3a225' failed
make[1]: *** [cmTC_3a225] Error 1
make[1]: Leaving directory '/home/ty/Desktop/PiXiu/catkin_ws/build/CMakeFiles/CMakeTmp'
Makefile:121: recipe for target 'cmTC_3a225/fast' failed
make: *** [cmTC_3a225/fast] Error 2



